\BOOKMARK [1][-]{section.1}{\376\377\000D\000i\000z\000i\000o\000n\000a\000r\000i\000o}{}% 1
\BOOKMARK [1][-]{section.2}{\376\377\000I\000n\000s\000i\000e\000m\000i\000\040\000n\000u\000m\000e\000r\000i\000c\000i}{}% 2
\BOOKMARK [1][-]{section.3}{\376\377\000I\000n\000t\000e\000r\000v\000a\000l\000l\000i}{}% 3
\BOOKMARK [2][-]{subsection.3.1}{\376\377\000I\000n\000t\000e\000r\000v\000a\000l\000l\000i\000\040\000d\000i\000\040\000R}{section.3}% 4
\BOOKMARK [1][-]{section.4}{\376\377\000F\000u\000n\000z\000i\000o\000n\000i}{}% 5
\BOOKMARK [2][-]{subsection.4.1}{\376\377\000G\000r\000a\000f\000i\000c\000o\000\040\000d\000e\000l\000l\000a\000\040\000f\000u\000n\000z\000i\000o\000n\000e}{section.4}% 6
\BOOKMARK [2][-]{subsection.4.2}{\376\377\000F\000u\000n\000z\000i\000o\000n\000e\000\040\000i\000n\000i\000e\000t\000t\000i\000v\000a}{section.4}% 7
\BOOKMARK [2][-]{subsection.4.3}{\376\377\000F\000u\000n\000z\000i\000o\000n\000e\000\040\000s\000u\000r\000i\000e\000t\000t\000i\000v\000a}{section.4}% 8
\BOOKMARK [2][-]{subsection.4.4}{\376\377\000F\000u\000n\000z\000i\000o\000n\000e\000\040\000b\000i\000u\000n\000i\000v\000o\000c\000a}{section.4}% 9
\BOOKMARK [2][-]{subsection.4.5}{\376\377\000F\000u\000n\000z\000i\000o\000n\000e\000\040\000m\000o\000n\000o\000t\000o\000n\000a}{section.4}% 10
\BOOKMARK [2][-]{subsection.4.6}{\376\377\000C\000o\000m\000p\000o\000s\000i\000z\000i\000o\000n\000e\000\040\000d\000i\000\040\000f\000u\000n\000z\000i\000o\000n\000i\000\040\000m\000o\000n\000o\000t\000o\000n\000e}{section.4}% 11
\BOOKMARK [2][-]{subsection.4.7}{\376\377\000F\000u\000n\000z\000i\000o\000n\000i\000\040\000p\000a\000r\000i\000\040\000e\000\040\000d\000i\000s\000p\000a\000r\000i}{section.4}% 12
\BOOKMARK [1][-]{section.5}{\376\377\000F\000u\000n\000z\000i\000o\000n\000i\000\040\000e\000l\000e\000m\000e\000n\000t\000a\000r\000i}{}% 13
\BOOKMARK [2][-]{subsection.5.1}{\376\377\000F\000u\000n\000z\000i\000o\000n\000i\000\040\000l\000i\000n\000e\000a\000r\000i}{section.5}% 14
\BOOKMARK [2][-]{subsection.5.2}{\376\377\000F\000u\000n\000z\000i\000o\000n\000e\000\040\000p\000o\000t\000e\000n\000z\000a}{section.5}% 15
\BOOKMARK [2][-]{subsection.5.3}{\376\377\000F\000u\000n\000z\000i\000o\000n\000e\000\040\000e\000s\000p\000o\000n\000e\000n\000z\000i\000a\000l\000e}{section.5}% 16
\BOOKMARK [2][-]{subsection.5.4}{\376\377\000F\000u\000n\000z\000i\000o\000n\000e\000\040\000t\000r\000i\000g\000o\000n\000o\000m\000e\000t\000r\000i\000c\000a}{section.5}% 17
\BOOKMARK [2][-]{subsection.5.5}{\376\377\000F\000u\000n\000z\000i\000o\000n\000e\000\040\000p\000e\000r\000i\000o\000d\000i\000c\000a}{section.5}% 18
\BOOKMARK [1][-]{section.6}{\376\377\000O\000p\000e\000r\000a\000z\000i\000o\000n\000i\000\040\000s\000u\000i\000\040\000g\000r\000a\000f\000i\000c\000i}{}% 19
\BOOKMARK [1][-]{section.7}{\376\377\000M\000a\000s\000s\000i\000m\000o\000,\000\040\000m\000i\000n\000i\000m\000o\000\040\000e\000d\000\040\000e\000s\000t\000r\000e\000m\000i\000\040\000d\000i\000\040\000i\000n\000s\000i\000e\000m\000i}{}% 20
\BOOKMARK [2][-]{subsection.7.1}{\376\377\000M\000a\000s\000s\000i\000m\000o\000\040\000e\000\040\000m\000i\000n\000i\000m\000o}{section.7}% 21
\BOOKMARK [2][-]{subsection.7.2}{\376\377\000M\000a\000g\000g\000i\000o\000r\000a\000n\000t\000e\000\040\000e\000\040\000m\000i\000n\000o\000r\000a\000n\000t\000e}{section.7}% 22
\BOOKMARK [2][-]{subsection.7.3}{\376\377\000I\000n\000s\000i\000e\000m\000i\000\040\000l\000i\000m\000i\000t\000a\000t\000i}{section.7}% 23
\BOOKMARK [2][-]{subsection.7.4}{\376\377\000E\000s\000t\000r\000e\000m\000i}{section.7}% 24
\BOOKMARK [1][-]{section.8}{\376\377\000O\000p\000e\000r\000a\000z\000i\000o\000n\000i\000\040\000v\000i\000e\000t\000a\000t\000e}{}% 25
\BOOKMARK [1][-]{section.9}{\376\377\000P\000a\000r\000t\000e\000\040\000i\000n\000t\000e\000r\000a}{}% 26
\BOOKMARK [1][-]{section.10}{\376\377\000M\000a\000s\000s\000i\000m\000o\000,\000\040\000m\000i\000n\000i\000m\000o\000\040\000e\000d\000\040\000e\000s\000t\000r\000e\000m\000i\000\040\000d\000i\000\040\000f\000u\000n\000z\000i\000o\000n\000i}{}% 27
\BOOKMARK [2][-]{subsection.10.1}{\376\377\000M\000a\000s\000s\000i\000m\000o\000\040\000e\000\040\000m\000i\000n\000i\000m\000o}{section.10}% 28
\BOOKMARK [2][-]{subsection.10.2}{\376\377\000E\000s\000t\000r\000e\000m\000i\000\040\000d\000i\000\040\000u\000n\000a\000\040\000f\000u\000n\000z\000i\000o\000n\000e}{section.10}% 29
\BOOKMARK [2][-]{subsection.10.3}{\376\377\000P\000u\000n\000t\000i\000\040\000d\000i\000\040\000m\000a\000s\000s\000i\000m\000o}{section.10}% 30
\BOOKMARK [2][-]{subsection.10.4}{\376\377\000A\000f\000f\000e\000r\000m\000a\000z\000i\000o\000n\000i\000\040\000i\000m\000p\000o\000r\000t\000a\000n\000t\000i}{section.10}% 31
\BOOKMARK [1][-]{section.11}{\376\377\000C\000o\000n\000t\000i\000n\000u\000i\000t\000\340\000\040\000d\000i\000\040\000u\000n\000a\000\040\000f\000u\000n\000z\000i\000o\000n\000e}{}% 32
\BOOKMARK [2][-]{subsection.11.1}{\376\377\000C\000o\000n\000t\000i\000n\000u\000i\000t\000\340\000\040\000n\000e\000l\000l\000e\000\040\000f\000u\000n\000z\000i\000o\000n\000i\000\040\000e\000l\000e\000m\000e\000n\000t\000a\000r\000i}{section.11}% 33
\BOOKMARK [2][-]{subsection.11.2}{\376\377\000T\000e\000o\000r\000e\000m\000a\000\040\000d\000i\000\040\000e\000s\000i\000s\000t\000e\000n\000z\000a\000\040\000d\000e\000g\000l\000i\000\040\000z\000e\000r\000i}{section.11}% 34
\BOOKMARK [2][-]{subsection.11.3}{\376\377\000T\000e\000o\000r\000e\000m\000a\000\040\000d\000e\000i\000\040\000v\000a\000l\000o\000r\000i\000\040\000i\000n\000t\000e\000r\000m\000e\000d\000i}{section.11}% 35
\BOOKMARK [2][-]{subsection.11.4}{\376\377\000T\000e\000o\000r\000e\000m\000a\000\040\000d\000i\000\040\000W\000e\000i\000e\000r\000s\000t\000r\000a\000s\000s}{section.11}% 36
\BOOKMARK [1][-]{section.12}{\376\377\000I\000n\000t\000o\000r\000n\000i}{}% 37
\BOOKMARK [2][-]{subsection.12.1}{\376\377\000P\000u\000n\000t\000i\000\040\000d\000i\000\040\000a\000c\000c\000u\000m\000u\000l\000a\000z\000i\000o\000n\000e}{section.12}% 38
\BOOKMARK [2][-]{subsection.12.2}{\376\377\000P\000u\000n\000t\000i\000\040\000d\000i\000\040\000m\000a\000s\000s\000i\000m\000o\000\040\000e\000\040\000m\000i\000n\000i\000m\000o\000\040\000l\000o\000c\000a\000l\000e}{section.12}% 39
\BOOKMARK [1][-]{section.13}{\376\377\000L\000i\000m\000i\000t\000i}{}% 40
\BOOKMARK [2][-]{subsection.13.1}{\376\377\000T\000e\000o\000r\000e\000m\000i\000,\000\040\000d\000e\000f\000i\000n\000i\000z\000i\000o\000n\000i\000\040\000e\000\040\000p\000r\000o\000p\000r\000i\000e\000t\000\340}{section.13}% 41
\BOOKMARK [2][-]{subsection.13.2}{\376\377\000L\000i\000m\000i\000t\000i\000\040\000f\000o\000n\000d\000a\000m\000e\000n\000t\000a\000l\000i}{section.13}% 42
\BOOKMARK [2][-]{subsection.13.3}{\376\377\000T\000e\000o\000r\000e\000m\000a\000\040\000d\000e\000i\000\040\000c\000a\000r\000a\000b\000i\000n\000i\000e\000r\000i}{section.13}% 43
\BOOKMARK [2][-]{subsection.13.4}{\376\377\000T\000e\000o\000r\000e\000m\000a\000\040\000d\000i\000\040\000W\000e\000i\000e\000r\000s\000t\000r\000a\000s\000s\000\040\000g\000e\000n\000e\000r\000a\000l\000i\000z\000z\000a\000t\000o}{section.13}% 44
\BOOKMARK [1][-]{section.14}{\376\377\000I\000n\000f\000i\000n\000i\000t\000e\000s\000i\000m\000i}{}% 45
\BOOKMARK [2][-]{subsection.14.1}{\376\377\000O\000\040\000p\000i\000c\000c\000o\000l\000o}{section.14}% 46
\BOOKMARK [2][-]{subsection.14.2}{\376\377\000O\000m\000e\000g\000a\000\040\000p\000i\000c\000c\000o\000l\000o}{section.14}% 47
\BOOKMARK [2][-]{subsection.14.3}{\376\377\000O\000\040\000g\000r\000a\000n\000d\000e}{section.14}% 48
\BOOKMARK [1][-]{section.15}{\376\377\000A\000s\000i\000n\000t\000o\000t\000i}{}% 49
\BOOKMARK [2][-]{subsection.15.1}{\376\377\000A\000s\000i\000n\000t\000o\000t\000o\000\040\000o\000r\000i\000z\000z\000o\000n\000t\000a\000l\000e}{section.15}% 50
\BOOKMARK [2][-]{subsection.15.2}{\376\377\000A\000s\000i\000n\000t\000o\000t\000o\000\040\000v\000e\000r\000t\000i\000c\000a\000l\000e}{section.15}% 51
\BOOKMARK [2][-]{subsection.15.3}{\376\377\000A\000s\000i\000n\000t\000o\000t\000o\000\040\000o\000b\000l\000i\000q\000u\000o}{section.15}% 52
\BOOKMARK [1][-]{section.16}{\376\377\000D\000e\000r\000i\000v\000a\000t\000e}{}% 53
\BOOKMARK [2][-]{subsection.16.1}{\376\377\000D\000e\000f\000i\000n\000i\000z\000i\000o\000n\000e}{section.16}% 54
\BOOKMARK [2][-]{subsection.16.2}{\376\377\000D\000e\000r\000i\000v\000a\000t\000a\000\040\000d\000e\000s\000t\000r\000a\000\040\000e\000\040\000s\000i\000n\000i\000s\000t\000r\000a}{section.16}% 55
\BOOKMARK [2][-]{subsection.16.3}{\376\377\000F\000u\000n\000z\000i\000o\000n\000e\000\040\000d\000e\000r\000i\000v\000a\000t\000a}{section.16}% 56
\BOOKMARK [2][-]{subsection.16.4}{\376\377\000D\000e\000r\000i\000v\000a\000t\000e\000\040\000n\000o\000t\000e\000v\000o\000l\000i\000\040\000e\000d\000\040\000e\000q\000u\000i\000v\000a\000l\000e\000n\000z\000e}{section.16}% 57
\BOOKMARK [2][-]{subsection.16.5}{\376\377\000T\000e\000o\000r\000e\000m\000a\000\040\000d\000i\000\040\000F\000e\000r\000m\000a\000t}{section.16}% 58
\BOOKMARK [2][-]{subsection.16.6}{\376\377\000T\000e\000o\000r\000e\000m\000a\000\040\000d\000i\000\040\000R\000o\000l\000l\000e}{section.16}% 59
\BOOKMARK [2][-]{subsection.16.7}{\376\377\000T\000e\000o\000r\000e\000m\000a\000\040\000d\000i\000\040\000L\000a\000g\000r\000a\000n\000g\000e\000\040\000\050\000"\000R\000o\000l\000l\000e\000\040\000s\000t\000o\000r\000t\000o\000"\000\051}{section.16}% 60
\BOOKMARK [2][-]{subsection.16.8}{\376\377\000D\000e\000r\000i\000v\000a\000t\000a\000\040\000s\000e\000c\000o\000n\000d\000a}{section.16}% 61
\BOOKMARK [2][-]{subsection.16.9}{\376\377\000T\000e\000o\000r\000e\000m\000a\000\040\000d\000i\000\040\000l\000'\000H\000o\000p\000i\000t\000a\000l}{section.16}% 62
\BOOKMARK [2][-]{subsection.16.10}{\376\377\000S\000v\000i\000l\000u\000p\000p\000o\000\040\000d\000i\000\040\000T\000a\000y\000l\000o\000r}{section.16}% 63
\BOOKMARK [2][-]{subsection.16.11}{\376\377\000F\000a\000t\000t\000o\000r\000i\000a\000l\000e}{section.16}% 64
\BOOKMARK [2][-]{subsection.16.12}{\376\377\000S\000o\000m\000m\000a\000t\000o\000r\000i\000a}{section.16}% 65
\BOOKMARK [2][-]{subsection.16.13}{\376\377\000F\000o\000r\000m\000u\000l\000a\000\040\000d\000i\000\040\000T\000a\000y\000l\000o\000r}{section.16}% 66
\BOOKMARK [1][-]{section.17}{\376\377\000C\000o\000n\000v\000e\000s\000s\000i\000t\000\340}{}% 67
\BOOKMARK [2][-]{subsection.17.1}{\376\377\000F\000u\000n\000z\000i\000o\000n\000e\000\040\000c\000o\000n\000v\000e\000s\000s\000a}{section.17}% 68
\BOOKMARK [2][-]{subsection.17.2}{\376\377\000F\000u\000n\000z\000i\000o\000n\000e\000\040\000c\000o\000n\000c\000a\000v\000a}{section.17}% 69
\BOOKMARK [2][-]{subsection.17.3}{\376\377\000C\000a\000l\000c\000o\000l\000o\000\040\000d\000e\000l\000l\000a\000\040\000c\000o\000n\000v\000e\000s\000s\000i\000t\000\340}{section.17}% 70
\BOOKMARK [2][-]{subsection.17.4}{\376\377\000I\000n\000t\000e\000r\000p\000r\000e\000t\000a\000z\000i\000o\000n\000e\000\040\000g\000e\000o\000m\000e\000t\000r\000i\000c\000a}{section.17}% 71
\BOOKMARK [2][-]{subsection.17.5}{\376\377\000F\000l\000e\000s\000s\000i}{section.17}% 72
\BOOKMARK [1][-]{section.18}{\376\377\000S\000t\000u\000d\000i\000o\000\040\000d\000i\000\040\000f\000u\000n\000z\000i\000o\000n\000e}{}% 73
\BOOKMARK [2][-]{subsection.18.1}{\376\377\000P\000u\000n\000t\000i\000\040\000d\000a\000\040\000s\000e\000g\000u\000i\000r\000e}{section.18}% 74
\BOOKMARK [1][-]{section.19}{\376\377\000I\000n\000t\000e\000g\000r\000a\000l\000i}{}% 75
\BOOKMARK [2][-]{subsection.19.1}{\376\377\000I\000n\000t\000e\000g\000r\000a\000l\000i\000\040\000d\000i\000\040\000R\000i\000e\000m\000a\000n\000n}{section.19}% 76
\BOOKMARK [2][-]{subsection.19.2}{\376\377\000P\000r\000o\000p\000r\000i\000e\000t\000\340}{section.19}% 77
\BOOKMARK [2][-]{subsection.19.3}{\376\377\000P\000r\000i\000m\000i\000t\000i\000v\000e}{section.19}% 78
\BOOKMARK [2][-]{subsection.19.4}{\376\377\000I\000n\000t\000e\000g\000r\000a\000l\000i\000\040\000c\000o\000n\000\040\000e\000s\000t\000r\000e\000m\000i\000\040\000v\000a\000r\000i\000a\000b\000i\000l\000i}{section.19}% 79
\BOOKMARK [2][-]{subsection.19.5}{\376\377\000I\000n\000t\000e\000g\000r\000a\000z\000i\000o\000n\000e\000\040\000p\000e\000r\000\040\000p\000a\000r\000t\000i}{section.19}% 80
\BOOKMARK [2][-]{subsection.19.6}{\376\377\000I\000n\000t\000e\000g\000r\000a\000l\000i\000\040\000i\000m\000p\000r\000o\000p\000r\000i}{section.19}% 81
\BOOKMARK [1][-]{section.20}{\376\377\000S\000u\000c\000c\000e\000s\000s\000i\000o\000n\000i}{}% 82
\BOOKMARK [2][-]{subsection.20.1}{\376\377\000L\000i\000m\000i\000t\000i\000\040\000d\000i\000\040\000s\000u\000c\000c\000e\000s\000s\000i\000o\000n\000i}{section.20}% 83
\BOOKMARK [2][-]{subsection.20.2}{\376\377\000S\000o\000t\000t\000o\000s\000u\000c\000c\000e\000s\000s\000i\000o\000n\000i\000\040\000o\000\040\000s\000u\000c\000c\000e\000s\000s\000i\000o\000n\000i\000\040\000"\000e\000s\000t\000r\000a\000t\000t\000e\000"}{section.20}% 84
\BOOKMARK [2][-]{subsection.20.3}{\376\377\000M\000o\000n\000o\000t\000o\000n\000i\000a\000\040\000d\000i\000\040\000s\000u\000c\000c\000e\000s\000s\000i\000o\000n\000i}{section.20}% 85
\BOOKMARK [2][-]{subsection.20.4}{\376\377\000L\000i\000m\000i\000t\000a\000t\000e\000z\000z\000a\000,\000\040\000m\000i\000n\000i\000m\000i\000\040\000e\000\040\000m\000a\000s\000s\000i\000m\000i}{section.20}% 86
\BOOKMARK [3][-]{subsubsection.20.4.1}{\376\377\000T\000e\000o\000r\000e\000m\000a\000\040\000d\000i\000\040\000W\000e\000i\000e\000r\000s\000t\000r\000a\000s\000s\000\040\000g\000e\000n\000e\000r\000a\000l\000i\000z\000z\000a\000t\000o\000\040\000p\000e\000r\000\040\000l\000e\000\040\000s\000u\000c\000c\000e\000s\000s\000i\000o\000n\000i}{subsection.20.4}% 87
\BOOKMARK [2][-]{subsection.20.5}{\376\377\000L\000e\000g\000a\000m\000e\000\040\000t\000r\000a\000\040\000l\000i\000m\000i\000t\000i\000\040\000d\000i\000\040\000f\000u\000n\000z\000i\000o\000n\000i\000\040\000e\000\040\000s\000u\000c\000c\000e\000s\000s\000i\000o\000n\000i}{section.20}% 88
\BOOKMARK [2][-]{subsection.20.6}{\376\377\000C\000r\000i\000t\000e\000r\000i\000o\000\040\000d\000e\000l\000\040\000r\000a\000p\000p\000o\000r\000t\000o}{section.20}% 89
\BOOKMARK [2][-]{subsection.20.7}{\376\377\000C\000r\000i\000t\000e\000r\000i\000o\000\040\000d\000e\000l\000l\000a\000\040\000r\000a\000d\000i\000c\000e}{section.20}% 90
\BOOKMARK [1][-]{section.21}{\376\377\000S\000e\000r\000i\000e\000\040\000n\000u\000m\000e\000r\000i\000c\000h\000e}{}% 91
\BOOKMARK [2][-]{subsection.21.1}{\376\377\000S\000e\000r\000i\000e\000\040\000n\000o\000t\000e\000v\000o\000l\000i}{section.21}% 92
\BOOKMARK [2][-]{subsection.21.2}{\376\377\000T\000e\000o\000r\000e\000m\000a\000\040\000d\000i\000\040\000c\000o\000n\000d\000i\000z\000i\000o\000n\000e\000\040\000n\000e\000c\000e\000s\000s\000a\000r\000i\000a\000\040\000p\000e\000r\000\040\000l\000a\000\040\000c\000o\000n\000v\000e\000r\000g\000e\000n\000z\000a\000\040\000d\000i\000\040\000u\000n\000a\000\040\000s\000e\000r\000i\000e}{section.21}% 93
\BOOKMARK [2][-]{subsection.21.3}{\376\377\000T\000e\000o\000r\000e\000m\000a\000\040\000d\000e\000l\000l\000a\000\040\000s\000o\000m\000m\000a\000\040\000e\000\040\000p\000r\000o\000d\000o\000t\000t\000o\000\040\000p\000e\000r\000\040\000l\000e\000\040\000s\000e\000r\000i\000e}{section.21}% 94
\BOOKMARK [2][-]{subsection.21.4}{\376\377\000S\000e\000r\000i\000e\000\040\000d\000e\000f\000i\000n\000i\000t\000i\000v\000a\000m\000e\000n\000t\000e\000\040\000a\000\040\000t\000e\000r\000m\000i\000n\000i\000\040\000p\000o\000s\000i\000t\000i\000v\000i}{section.21}% 95
\BOOKMARK [2][-]{subsection.21.5}{\376\377\000T\000e\000o\000r\000e\000m\000a\000\040\000d\000e\000l\000\040\000c\000o\000n\000f\000r\000o\000n\000t\000o}{section.21}% 96
\BOOKMARK [2][-]{subsection.21.6}{\376\377\000T\000e\000o\000r\000e\000m\000a\000\040\000d\000e\000l\000\040\000c\000o\000n\000f\000r\000o\000n\000t\000o\000\040\000a\000s\000i\000n\000t\000o\000t\000i\000c\000o}{section.21}% 97
\BOOKMARK [2][-]{subsection.21.7}{\376\377\000C\000r\000i\000t\000e\000r\000i\000o\000\040\000d\000e\000l\000l\000a\000\040\000r\000a\000d\000i\000c\000e\000\040\000p\000e\000r\000\040\000l\000e\000\040\000s\000e\000r\000i\000e}{section.21}% 98
\BOOKMARK [2][-]{subsection.21.8}{\376\377\000C\000r\000i\000t\000e\000r\000i\000o\000\040\000d\000e\000l\000\040\000r\000a\000p\000p\000o\000r\000t\000o\000\040\000p\000e\000r\000\040\000l\000e\000\040\000s\000e\000r\000i\000e}{section.21}% 99
\BOOKMARK [2][-]{subsection.21.9}{\376\377\000L\000e\000g\000a\000m\000e\000\040\000c\000o\000n\000\040\000i\000n\000t\000e\000g\000r\000a\000l\000i\000\040\000i\000m\000p\000r\000o\000p\000r\000i}{section.21}% 100
\BOOKMARK [2][-]{subsection.21.10}{\376\377\000C\000r\000i\000t\000e\000r\000i\000o\000\040\000d\000e\000l\000l\000'\000i\000n\000t\000e\000g\000r\000a\000l\000e}{section.21}% 101
\BOOKMARK [2][-]{subsection.21.11}{\376\377\000C\000r\000i\000t\000e\000r\000i\000o\000\040\000d\000e\000l\000l\000'\000a\000s\000s\000o\000l\000u\000t\000a\000\040\000c\000o\000n\000v\000e\000r\000g\000e\000n\000z\000a}{section.21}% 102
\BOOKMARK [2][-]{subsection.21.12}{\376\377\000S\000e\000r\000i\000e\000\040\000a\000\040\000s\000e\000g\000n\000o\000\040\000a\000l\000t\000e\000r\000n\000o}{section.21}% 103
\BOOKMARK [2][-]{subsection.21.13}{\376\377\000C\000r\000i\000t\000e\000r\000i\000o\000\040\000d\000i\000\040\000L\000e\000i\000b\000n\000i\000t\000z}{section.21}% 104
\BOOKMARK [1][-]{section.22}{\376\377\000A\000n\000a\000l\000i\000s\000i\000\040\000a\000\040\000p\000i\000\371\000\040\000v\000a\000r\000i\000a\000b\000i\000l\000i}{}% 105
\BOOKMARK [2][-]{subsection.22.1}{\376\377\000N\000o\000r\000m\000e\000\040\000e\000\040\000d\000i\000s\000t\000a\000n\000z\000e}{section.22}% 106
\BOOKMARK [2][-]{subsection.22.2}{\376\377\000L\000'\000a\000n\000g\000o\000l\000o\000\040\000t\000r\000a\000\040\000v\000e\000t\000t\000o\000r\000i}{section.22}% 107
\BOOKMARK [2][-]{subsection.22.3}{\376\377\000S\000o\000t\000t\000o\000i\000n\000s\000i\000e\000m\000i\000\040\000i\000m\000p\000o\000r\000t\000a\000n\000t\000i\000\040\000d\000e\000l\000l\000'\000i\000n\000s\000i\000e\000m\000e\000\040\000d\000e\000i\000\040\000R\000e\000a\000l\000i\000\040\000a\000l\000l\000a\000\040\000n}{section.22}% 108
\BOOKMARK [2][-]{subsection.22.4}{\376\377\000P\000u\000n\000t\000i\000\040\000i\000n\000t\000e\000r\000n\000i\000,\000\040\000e\000s\000t\000e\000r\000n\000i\000\040\000e\000\040\000d\000i\000\040\000b\000o\000r\000d\000o}{section.22}% 109
\BOOKMARK [2][-]{subsection.22.5}{\376\377\000I\000n\000s\000i\000e\000m\000i\000\040\000l\000i\000m\000i\000t\000a\000t\000i\000\040\000e\000\040\000R\000\040\000a\000l\000l\000a\000\040\000n\000\040\000e\000s\000t\000e\000s\000o}{section.22}% 110
\BOOKMARK [2][-]{subsection.22.6}{\376\377\000D\000e\000s\000c\000r\000i\000z\000i\000o\000n\000e\000\040\000e\000s\000p\000l\000i\000c\000i\000t\000a\000\040\000d\000i\000\040\000s\000o\000t\000t\000o\000i\000n\000s\000i\000e\000m\000i\000\040\000i\000n\000\040\000R\000\040\000a\000l\000l\000a\000\040\000n}{section.22}% 111
\BOOKMARK [2][-]{subsection.22.7}{\376\377\000C\000u\000r\000v\000e\000\040\000n\000e\000l\000\040\000p\000i\000a\000n\000o\000\040\000e\000\040\000n\000e\000l\000l\000o\000\040\000s\000p\000a\000z\000i\000o\000\040\000t\000r\000i\000d\000i\000m\000e\000n\000s\000i\000o\000n\000a\000l\000e}{section.22}% 112
\BOOKMARK [2][-]{subsection.22.8}{\376\377\000F\000u\000n\000z\000i\000o\000n\000i\000\040\000a\000\040\000p\000i\000\371\000\040\000v\000a\000r\000i\000a\000b\000i\000l\000i}{section.22}% 113
\BOOKMARK [2][-]{subsection.22.9}{\376\377\000L\000i\000m\000i\000t\000i\000\040\000d\000i\000\040\000f\000u\000n\000z\000i\000o\000n\000i\000\040\000c\000o\000n\000\040\000p\000i\000\371\000\040\000v\000a\000r\000i\000a\000b\000i\000l\000i}{section.22}% 114
\BOOKMARK [3][-]{subsubsection.22.9.1}{\376\377\000C\000o\000o\000r\000d\000i\000n\000a\000t\000e\000\040\000p\000o\000l\000a\000r\000i}{subsection.22.9}% 115
\BOOKMARK [2][-]{subsection.22.10}{\376\377\000D\000e\000r\000i\000v\000a\000t\000e\000\040\000i\000n\000\040\000p\000i\000\371\000\040\000v\000a\000r\000i\000a\000b\000i\000l\000i}{section.22}% 116
\BOOKMARK [3][-]{subsubsection.22.10.1}{\376\377\000D\000e\000r\000i\000v\000a\000t\000e\000\040\000p\000a\000r\000z\000i\000a\000l\000i}{subsection.22.10}% 117
\BOOKMARK [3][-]{subsubsection.22.10.2}{\376\377\000D\000e\000r\000i\000v\000a\000t\000e\000\040\000d\000i\000r\000e\000z\000i\000o\000n\000a\000l\000i}{subsection.22.10}% 118
\BOOKMARK [3][-]{subsubsection.22.10.3}{\376\377\000G\000r\000a\000d\000i\000e\000n\000t\000e}{subsection.22.10}% 119
\BOOKMARK [3][-]{subsubsection.22.10.4}{\376\377\000D\000i\000f\000f\000e\000r\000e\000n\000z\000i\000a\000b\000i\000l\000i\000t\000\340}{subsection.22.10}% 120
\BOOKMARK [2][-]{subsection.22.11}{\376\377\000G\000e\000o\000m\000e\000t\000r\000i\000a\000\040\000d\000e\000l\000\040\000v\000e\000t\000t\000o\000r\000e\000\040\000g\000r\000a\000d\000i\000e\000n\000t\000e}{section.22}% 121
