\BOOKMARK [1][-]{section.1}{\376\377\000C\000o\000n\000c\000e\000t\000t\000i\000\040\000I\000n\000i\000z\000i\000a\000l\000i}{}% 1
\BOOKMARK [1][-]{section.2}{\376\377\000S\000t\000r\000u\000t\000t\000u\000r\000e\000\040\000D\000a\000t\000i}{}% 2
\BOOKMARK [1][-]{section.3}{\376\377\000L\000i\000n\000g\000u\000a\000g\000g\000i\000\040\000f\000o\000r\000m\000a\000l\000i}{}% 3
\BOOKMARK [1][-]{section.4}{\376\377\000S\000t\000o\000r\000i\000a\000\040\000d\000e\000g\000l\000i\000\040\000A\000l\000g\000o\000r\000i\000t\000m\000i}{}% 4
\BOOKMARK [1][-]{section.5}{\376\377\000A\000l\000f\000a\000b\000e\000t\000i}{}% 5
\BOOKMARK [2][-]{subsection.5.1}{\376\377\000D\000e\000f\000i\000n\000i\000z\000i\000o\000n\000e\000\040\000d\000i\000\040\000a\000l\000f\000a\000b\000e\000t\000o}{section.5}% 6
\BOOKMARK [2][-]{subsection.5.2}{\376\377\000G\000r\000a\000m\000m\000a\000t\000i\000c\000a\000\040\000d\000i\000\040\000u\000n\000\040\000a\000l\000f\000a\000b\000e\000t\000o}{section.5}% 7
\BOOKMARK [2][-]{subsection.5.3}{\376\377\000D\000e\000r\000i\000v\000a\000t\000i\000v\000o\000\040\000i\000m\000m\000e\000d\000i\000a\000t\000o}{section.5}% 8
\BOOKMARK [2][-]{subsection.5.4}{\376\377\000D\000e\000r\000i\000v\000a\000t\000i\000v\000o}{section.5}% 9
\BOOKMARK [2][-]{subsection.5.5}{\376\377\000L\000i\000n\000g\000u\000a\000g\000g\000i\000o\000\040\000g\000e\000n\000e\000r\000a\000t\000o}{section.5}% 10
\BOOKMARK [2][-]{subsection.5.6}{\376\377\000D\000e\000r\000i\000v\000a\000z\000i\000o\000n\000i\000\040\000c\000a\000n\000o\000n\000i\000c\000h\000e}{section.5}% 11
\BOOKMARK [2][-]{subsection.5.7}{\376\377\000A\000l\000b\000e\000r\000i\000\040\000d\000i\000\040\000d\000e\000r\000i\000v\000a\000z\000i\000o\000n\000e\000\040\000\050\000P\000a\000r\000s\000e\000\040\000T\000r\000e\000e\000s\000\051}{section.5}% 12
\BOOKMARK [1][-]{section.6}{\376\377\000R\000e\000g\000o\000l\000e\000\040\000d\000i\000\040\000I\000n\000f\000e\000r\000e\000n\000z\000a}{}% 13
\BOOKMARK [1][-]{section.7}{\376\377\000E\000f\000f\000i\000c\000i\000e\000n\000z\000a\000\040\000e\000\040\000c\000o\000s\000t\000o\000\040\000c\000o\000m\000p\000u\000t\000a\000z\000i\000o\000n\000a\000l\000e}{}% 14
\BOOKMARK [2][-]{subsection.7.1}{\376\377\000O\000,\000\040\000,\000\040}{section.7}% 15
\BOOKMARK [2][-]{subsection.7.2}{\376\377\000T\000e\000o\000r\000e\000m\000a\000\040\000P\000r\000i\000n\000c\000i\000p\000a\000l\000e\000\040\000\050\000M\000a\000s\000t\000e\000r\000\040\000T\000h\000e\000o\000r\000e\000m\000\051}{section.7}% 16
\BOOKMARK [2][-]{subsection.7.3}{\376\377\000C\000a\000s\000o\000\040\0001\000:\000\040\000f\000\050\000n\000\051\000\040\000c\000r\000e\000s\000c\000e\000\040\000m\000e\000n\000o\000\040\000d\000e\000l\000l\000a\000\040\000r\000i\000c\000o\000r\000s\000i\000o\000n\000e}{section.7}% 17
\BOOKMARK [2][-]{subsection.7.4}{\376\377\000C\000a\000s\000o\000\040\0002\000:\000\040\000f\000\050\000n\000\051\000\040\000c\000r\000e\000s\000c\000e\000\040\000c\000o\000m\000e\000\040\000l\000a\000\040\000r\000i\000c\000o\000r\000s\000i\000o\000n\000e}{section.7}% 18
\BOOKMARK [2][-]{subsection.7.5}{\376\377\000C\000a\000s\000o\000\040\0003\000:\000\040\000f\000\050\000n\000\051\000\040\000c\000r\000e\000s\000c\000e\000\040\000p\000i\000\371\000\040\000d\000e\000l\000l\000a\000\040\000r\000i\000c\000o\000r\000s\000i\000o\000n\000e}{section.7}% 19
\BOOKMARK [2][-]{subsection.7.6}{\376\377\000M\000e\000t\000o\000d\000o\000\040\000i\000t\000e\000r\000a\000t\000i\000v\000o}{section.7}% 20
\BOOKMARK [2][-]{subsection.7.7}{\376\377\000A\000l\000b\000e\000r\000i\000\040\000d\000i\000\040\000r\000i\000c\000o\000r\000s\000i\000o\000n\000e}{section.7}% 21
\BOOKMARK [1][-]{section.8}{\376\377\000P\000r\000o\000g\000r\000a\000m\000m\000a\000z\000i\000o\000n\000e\000\040\000d\000i\000n\000a\000m\000i\000c\000a}{}% 22
\BOOKMARK [1][-]{section.9}{\376\377\000A\000l\000g\000o\000r\000i\000t\000m\000i\000\040\000d\000i\000\040\000O\000r\000d\000i\000n\000a\000m\000e\000n\000t\000o\000\040\000\050\000S\000o\000r\000t\000\051}{}% 23
\BOOKMARK [2][-]{subsection.9.1}{\376\377\000I\000n\000s\000e\000r\000t\000i\000o\000n\000\040\000S\000o\000r\000t}{section.9}% 24
\BOOKMARK [2][-]{subsection.9.2}{\376\377\000S\000e\000l\000e\000c\000t\000i\000o\000n\000\040\000S\000o\000r\000t}{section.9}% 25
\BOOKMARK [2][-]{subsection.9.3}{\376\377\000B\000u\000b\000b\000l\000e\000\040\000S\000o\000r\000t}{section.9}% 26
\BOOKMARK [2][-]{subsection.9.4}{\376\377\000M\000e\000r\000g\000e\000\040\000S\000o\000r\000t}{section.9}% 27
\BOOKMARK [2][-]{subsection.9.5}{\376\377\000Q\000u\000i\000c\000k\000\040\000S\000o\000r\000t}{section.9}% 28
\BOOKMARK [2][-]{subsection.9.6}{\376\377\000H\000e\000a\000p\000\040\000S\000o\000r\000t}{section.9}% 29
\BOOKMARK [2][-]{subsection.9.7}{\376\377\000C\000o\000u\000n\000t\000i\000n\000g\000\040\000S\000o\000r\000t}{section.9}% 30
\BOOKMARK [2][-]{subsection.9.8}{\376\377\000R\000a\000d\000i\000x\000\040\000S\000o\000r\000t}{section.9}% 31
\BOOKMARK [2][-]{subsection.9.9}{\376\377\000B\000u\000c\000k\000e\000t\000\040\000S\000o\000r\000t}{section.9}% 32
\BOOKMARK [1][-]{section.10}{\376\377\000L\000i\000n\000g\000u\000a\000g\000g\000i\000o\000\040\000d\000i\000\040\000M\000A\000O\000\040\000/\000\040\000M\000i\000n\000i\000M\000A\000O}{}% 33
\BOOKMARK [2][-]{subsection.10.1}{\376\377\000E\000s\000p\000r\000e\000s\000s\000i\000o\000n\000i\000\040\000s\000e\000m\000a\000n\000t\000i\000c\000h\000e\000\040\000c\000o\000l\000l\000a\000t\000e\000r\000a\000l\000i\000\040\000e\000\040\000p\000u\000r\000e}{section.10}% 34
\BOOKMARK [2][-]{subsection.10.2}{\376\377\000C\000o\000n\000t\000r\000o\000l\000l\000o\000\040\000d\000e\000i\000\040\000t\000i\000p\000i\000\040\000\050\000T\000y\000p\000e\000\040\000C\000h\000e\000c\000k\000i\000n\000g\000\051}{section.10}% 35
\BOOKMARK [3][-]{subsubsection.10.2.1}{\376\377\000A\000n\000a\000l\000i\000s\000i\000\040\000s\000t\000a\000t\000i\000c\000a}{subsection.10.2}% 36
\BOOKMARK [2][-]{subsection.10.3}{\376\377\000G\000r\000a\000m\000m\000a\000t\000i\000c\000a\000\040\000e\000\040\000l\000i\000n\000g\000u\000a\000g\000g\000i\000o\000\040\000d\000i\000\040\000M\000A\000O}{section.10}% 37
\BOOKMARK [2][-]{subsection.10.4}{\376\377\000F\000u\000n\000z\000i\000o\000n\000i\000\040\000i\000n\000\040\000M\000A\000O}{section.10}% 38
\BOOKMARK [2][-]{subsection.10.5}{\376\377\000R\000e\000c\000o\000r\000d\000\040\000d\000i\000\040\000a\000t\000t\000i\000v\000a\000z\000i\000o\000n\000e\000\040\000\050\000s\000t\000a\000c\000k\000\040\000f\000r\000a\000m\000e\000\051}{section.10}% 39
\BOOKMARK [2][-]{subsection.10.6}{\376\377\000R\000i\000c\000o\000r\000s\000i\000o\000n\000e}{section.10}% 40
\BOOKMARK [1][-]{section.11}{\376\377\000S\000t\000r\000u\000t\000t\000u\000r\000e\000\040\000D\000a\000t\000i}{}% 41
\BOOKMARK [2][-]{subsection.11.1}{\376\377\000A\000l\000b\000e\000r\000i}{section.11}% 42
\BOOKMARK [2][-]{subsection.11.2}{\376\377\000A\000l\000b\000e\000r\000i\000\040\000b\000i\000n\000a\000r\000i\000\040\000d\000i\000\040\000r\000i\000c\000e\000r\000c\000a}{section.11}% 43
\BOOKMARK [2][-]{subsection.11.3}{\376\377\000D\000i\000z\000i\000o\000n\000a\000r\000i}{section.11}% 44
\BOOKMARK [2][-]{subsection.11.4}{\376\377\000T\000a\000b\000e\000l\000l\000a\000\040\000H\000a\000s\000h}{section.11}% 45
\BOOKMARK [1][-]{section.12}{\376\377\000G\000r\000a\000f\000i}{}% 46
\BOOKMARK [2][-]{subsection.12.1}{\376\377\000G\000r\000a\000f\000i\000\040\000n\000o\000n\000\040\000o\000r\000i\000e\000n\000t\000a\000t\000i}{section.12}% 47
\BOOKMARK [2][-]{subsection.12.2}{\376\377\000G\000r\000a\000f\000i\000\040\000o\000r\000i\000e\000n\000t\000a\000t\000i}{section.12}% 48
\BOOKMARK [2][-]{subsection.12.3}{\376\377\000C\000o\000m\000p\000l\000e\000s\000s\000i\000t\000a\000\040\000d\000e\000l\000l\000e\000\040\000o\000p\000e\000r\000a\000z\000i\000o\000n\000i\000\040\000\050\000M\000a\000t\000r\000i\000c\000e\000\040\000d\000i\000\040\000a\000d\000i\000a\000c\000e\000n\000z\000a\000\051}{section.12}% 49
\BOOKMARK [2][-]{subsection.12.4}{\376\377\000C\000o\000m\000p\000l\000e\000s\000s\000i\000t\000a\000\040\000d\000e\000l\000l\000e\000\040\000o\000p\000e\000r\000a\000z\000i\000o\000n\000i\000\040\000\050\000L\000i\000s\000t\000e\000\040\000d\000i\000\040\000a\000d\000i\000a\000c\000e\000n\000z\000a\000\051}{section.12}% 50
\BOOKMARK [2][-]{subsection.12.5}{\376\377\000V\000i\000s\000i\000t\000e\000\040\000s\000u\000i\000\040\000g\000r\000a\000f\000i}{section.12}% 51
\BOOKMARK [3][-]{subsubsection.12.5.1}{\376\377\000B\000F\000S}{subsection.12.5}% 52
\BOOKMARK [3][-]{subsubsection.12.5.2}{\376\377\000D\000F\000S}{subsection.12.5}% 53
\BOOKMARK [3][-]{subsubsection.12.5.3}{\376\377\000O\000r\000d\000i\000n\000a\000m\000e\000n\000t\000o\000\040\000t\000o\000p\000o\000l\000o\000g\000i\000c\000o\000\040\000e\000\040\000D\000A\000G}{subsection.12.5}% 54
\BOOKMARK [1][-]{section.13}{\376\377\000A\000l\000t\000r\000i\000\040\000a\000l\000g\000o\000r\000i\000t\000m\000i}{}% 55
\BOOKMARK [2][-]{subsection.13.1}{\376\377\000A\000r\000r\000a\000y\000\040\000n\000o\000n\000\040\000o\000r\000d\000i\000n\000a\000t\000o}{section.13}% 56
\BOOKMARK [3][-]{subsubsection.13.1.1}{\376\377\000R\000i\000c\000e\000r\000c\000a}{subsection.13.1}% 57
\BOOKMARK [3][-]{subsubsection.13.1.2}{\376\377\000I\000n\000s\000e\000r\000i\000m\000e\000n\000t\000o}{subsection.13.1}% 58
\BOOKMARK [3][-]{subsubsection.13.1.3}{\376\377\000C\000a\000n\000c\000e\000l\000l\000a\000z\000i\000o\000n\000e}{subsection.13.1}% 59
\BOOKMARK [2][-]{subsection.13.2}{\376\377\000A\000r\000r\000a\000y\000\040\000o\000r\000d\000i\000n\000a\000t\000o}{section.13}% 60
\BOOKMARK [3][-]{subsubsection.13.2.1}{\376\377\000R\000i\000c\000e\000r\000c\000a}{subsection.13.2}% 61
\BOOKMARK [3][-]{subsubsection.13.2.2}{\376\377\000I\000n\000s\000e\000r\000i\000m\000e\000n\000t\000o}{subsection.13.2}% 62
\BOOKMARK [3][-]{subsubsection.13.2.3}{\376\377\000C\000a\000n\000c\000e\000l\000l\000a\000z\000i\000o\000n\000e}{subsection.13.2}% 63
\BOOKMARK [2][-]{subsection.13.3}{\376\377\000L\000i\000s\000t\000a\000\040\000n\000o\000n\000\040\000o\000r\000d\000i\000n\000a\000t\000a\000\040\000\050\000s\000e\000m\000p\000l\000i\000c\000e\000m\000e\000n\000t\000e\000\040\000c\000o\000n\000c\000a\000t\000e\000n\000a\000t\000a\000\051}{section.13}% 64
\BOOKMARK [3][-]{subsubsection.13.3.1}{\376\377\000R\000i\000c\000e\000r\000c\000a}{subsection.13.3}% 65
\BOOKMARK [3][-]{subsubsection.13.3.2}{\376\377\000I\000n\000s\000e\000r\000i\000m\000e\000n\000t\000o}{subsection.13.3}% 66
\BOOKMARK [3][-]{subsubsection.13.3.3}{\376\377\000C\000a\000n\000c\000e\000l\000l\000a\000z\000i\000o\000n\000e}{subsection.13.3}% 67
\BOOKMARK [2][-]{subsection.13.4}{\376\377\000L\000i\000s\000t\000a\000\040\000o\000r\000d\000i\000n\000a\000t\000a\000\040\000\050\000s\000e\000m\000p\000l\000i\000c\000e\000m\000e\000n\000t\000e\000\040\000c\000o\000n\000c\000a\000t\000e\000n\000a\000t\000a\000\051}{section.13}% 68
\BOOKMARK [3][-]{subsubsection.13.4.1}{\376\377\000R\000i\000c\000e\000r\000c\000a}{subsection.13.4}% 69
\BOOKMARK [3][-]{subsubsection.13.4.2}{\376\377\000I\000n\000s\000e\000r\000i\000m\000e\000n\000t\000o}{subsection.13.4}% 70
\BOOKMARK [3][-]{subsubsection.13.4.3}{\376\377\000C\000a\000n\000c\000e\000l\000l\000a\000z\000i\000o\000n\000e}{subsection.13.4}% 71
\BOOKMARK [2][-]{subsection.13.5}{\376\377\000L\000i\000s\000t\000a\000\040\000d\000o\000p\000p\000i\000a\000\040\000n\000o\000n\000\040\000o\000r\000d\000i\000n\000a\000t\000a}{section.13}% 72
\BOOKMARK [3][-]{subsubsection.13.5.1}{\376\377\000R\000i\000c\000e\000r\000c\000a}{subsection.13.5}% 73
\BOOKMARK [3][-]{subsubsection.13.5.2}{\376\377\000I\000n\000s\000e\000r\000i\000m\000e\000n\000t\000o}{subsection.13.5}% 74
\BOOKMARK [3][-]{subsubsection.13.5.3}{\376\377\000C\000a\000n\000c\000e\000l\000l\000a\000z\000i\000o\000n\000e}{subsection.13.5}% 75
\BOOKMARK [2][-]{subsection.13.6}{\376\377\000L\000i\000s\000t\000a\000\040\000d\000o\000p\000p\000i\000a\000\040\000o\000r\000d\000i\000n\000a\000t\000a}{section.13}% 76
\BOOKMARK [3][-]{subsubsection.13.6.1}{\376\377\000R\000i\000c\000e\000r\000c\000a}{subsection.13.6}% 77
\BOOKMARK [3][-]{subsubsection.13.6.2}{\376\377\000I\000n\000s\000e\000r\000i\000m\000e\000n\000t\000o}{subsection.13.6}% 78
\BOOKMARK [3][-]{subsubsection.13.6.3}{\376\377\000C\000a\000n\000c\000e\000l\000l\000a\000z\000i\000o\000n\000e}{subsection.13.6}% 79
\BOOKMARK [2][-]{subsection.13.7}{\376\377\000A\000l\000b\000e\000r\000o\000\040\000b\000i\000n\000a\000r\000i\000o\000\040\000\050\000g\000e\000n\000e\000r\000i\000c\000o\000\051}{section.13}% 80
\BOOKMARK [3][-]{subsubsection.13.7.1}{\376\377\000R\000i\000c\000e\000r\000c\000a}{subsection.13.7}% 81
\BOOKMARK [3][-]{subsubsection.13.7.2}{\376\377\000I\000n\000s\000e\000r\000i\000m\000e\000n\000t\000o}{subsection.13.7}% 82
\BOOKMARK [3][-]{subsubsection.13.7.3}{\376\377\000C\000a\000n\000c\000e\000l\000l\000a\000z\000i\000o\000n\000e}{subsection.13.7}% 83
\BOOKMARK [2][-]{subsection.13.8}{\376\377\000A\000l\000b\000e\000r\000o\000\040\000b\000i\000n\000a\000r\000i\000o\000\040\000d\000i\000\040\000r\000i\000c\000e\000r\000c\000a\000\040\000\050\000B\000S\000T\000\051}{section.13}% 84
\BOOKMARK [3][-]{subsubsection.13.8.1}{\376\377\000R\000i\000c\000e\000r\000c\000a}{subsection.13.8}% 85
\BOOKMARK [3][-]{subsubsection.13.8.2}{\376\377\000I\000n\000s\000e\000r\000i\000m\000e\000n\000t\000o}{subsection.13.8}% 86
\BOOKMARK [3][-]{subsubsection.13.8.3}{\376\377\000C\000a\000n\000c\000e\000l\000l\000a\000z\000i\000o\000n\000e}{subsection.13.8}% 87
\BOOKMARK [2][-]{subsection.13.9}{\376\377\000T\000a\000b\000e\000l\000l\000a\000\040\000r\000i\000a\000s\000s\000u\000n\000t\000i\000v\000a}{section.13}% 88
\BOOKMARK [1][-]{section.14}{\376\377\000C\000h\000e\000a\000t\000\040\000S\000h\000e\000e\000t\000\040\000\050\000M\000i\000n\000i\000M\000A\000O\000\040\000e\000\040\000M\000A\000O\000\051}{}% 89
\BOOKMARK [1][-]{section.15}{\376\377\000A\000l\000t\000r\000o}{}% 90
